<?xml version="1.0" encoding="UTF-8"?>
<Records>
  <record>test-lyk</record>
  <record>test-record</record>
  <record>test-haha</record>
</Records>

