<?xml version="1.0" encoding="UTF-8"?>
<Record>
  <PersonName>lyk</PersonName>
  <score>0</score>
  <answers>
    <answer type="5">0 1</answer>
  </answers>
</Record>

