<?xml version="1.0" encoding="UTF-8"?>
<Record>
  <PersonName>haha</PersonName>
  <score>0</score>
  <answers>
    <answer type="5">1 0</answer>
  </answers>
</Record>

